SF:lib/testing2/model_testing2.dart
DA:12,1
DA:22,0
DA:23,0
DA:24,0
DA:25,0
DA:26,0
DA:27,0
DA:28,0
DA:29,0
DA:32,1
DA:34,8
LF:11
LH:3
end_of_record
SF:lib/testing2/testing2.dart
DA:6,0
DA:8,0
DA:10,0
DA:11,0
DA:12,0
DA:14,0
LF:6
LH:0
end_of_record
SF:lib/testing2/testing2/testing2_state.dart
DA:4,2
DA:6,1
DA:7,1
DA:17,2
DA:19,1
DA:20,2
DA:26,2
DA:28,1
DA:29,2
LF:9
LH:9
end_of_record
SF:lib/testing2/testing2/testing2_event.dart
DA:4,1
DA:6,0
DA:7,0
LF:3
LH:1
end_of_record
SF:lib/testing2/testing2/testing2_bloc.dart
DA:13,3
DA:14,2
DA:17,1
DA:18,2
DA:21,3
DA:22,2
DA:24,3
LF:7
LH:7
end_of_record
SF:lib/main.dart
DA:7,2
DA:9,4
DA:11,4
DA:14,3
DA:18,2
DA:27,1
DA:29,1
DA:30,1
DA:31,1
DA:32,1
DA:33,1
DA:38,0
DA:41,3
DA:43,1
DA:44,1
DA:50,1
DA:52,1
DA:53,3
DA:56,1
DA:58,1
DA:60,1
DA:61,1
DA:63,1
DA:64,1
DA:67,1
DA:68,1
DA:69,1
DA:70,1
DA:71,1
DA:72,0
DA:73,1
DA:74,0
LF:32
LH:29
end_of_record
SF:lib/testing1/model_testing1.dart
DA:10,1
DA:20,2
DA:21,1
DA:22,1
DA:23,1
DA:24,1
DA:25,1
DA:26,1
DA:27,1
LF:9
LH:9
end_of_record
SF:lib/testing1/testing1.dart
DA:7,1
DA:9,2
DA:11,2
DA:12,2
DA:13,2
DA:15,1
LF:6
LH:6
end_of_record
